# Logfile created on Tue Sep 22 19:28:27 -0300 2009INFO: Mirroring assets from /usr/lib/ruby/gems/1.8/gems/spree-0.8.1/vendor/extensions/localization/public to /home/usuario/rails/adriana/public
INFO: Mirroring assets from /home/usuario/rails/adriana/vendor/extensions/correios_bounded_store/public to /home/usuario/rails/adriana/public
INFO: Mirroring assets from /home/usuario/rails/adriana/vendor/extensions/site/public to /home/usuario/rails/adriana/public
INFO: Loading mail preferences
  [4;36;1mSQL (0.1ms)[0m   [0;1mSET NAMES 'utf8'[0m
  [4;35;1mSQL (0.1ms)[0m   [0mSET SQL_AUTO_IS_NULL=0[0m
  [4;36;1mSQL (0.3ms)[0m   [0;1mSHOW TABLES[0m
  [4;35;1mAppConfiguration Columns (0.7ms)[0m   [0mSHOW FIELDS FROM `configurations`[0m
  [4;36;1mAppConfiguration Load (0.1ms)[0m   [0;1mSELECT * FROM `configurations` WHERE (`configurations`.`name` = 'Default configuration') AND ( (`configurations`.`type` = 'AppConfiguration' ) ) LIMIT 1[0m
  [4;35;1mPreference Columns (0.8ms)[0m   [0mSHOW FIELDS FROM `preferences`[0m
  [4;36;1mPreference Load (0.1ms)[0m   [0;1mSELECT * FROM `preferences` WHERE (`preferences`.owner_id = 1 AND `preferences`.owner_type = 'Configuration' AND (`preferences`.`group_id` IS NULL AND `preferences`.`group_type` IS NULL AND `preferences`.`attribute` = 'enable_mail_delivery')) LIMIT 1[0m
NOTICE: Mail not enabled
  [4;35;1mOrder Columns (1.0ms)[0m   [0mSHOW FIELDS FROM `orders`[0m
INFO: Loading routes from /usr/lib/ruby/gems/1.8/gems/spree-0.8.1/vendor/extensions/localization/config/routes.rb
INFO: Loading routes from /usr/lib/ruby/gems/1.8/gems/spree-0.8.1/vendor/extensions/payment_gateway/config/routes.rb
INFO: Loading routes from /usr/lib/ruby/gems/1.8/gems/spree-0.8.1/vendor/extensions/tax_calculator/config/routes.rb
INFO: Loading routes from /home/usuario/rails/adriana/vendor/extensions/correios_bounded_store/config/routes.rb
INFO: Loading routes from /home/usuario/rails/adriana/vendor/extensions/site/config/routes.rb
  [4;36;1mSQL (0.1ms)[0m   [0;1mSET NAMES 'utf8'[0m
  [4;35;1mSQL (0.8ms)[0m   [0mSET SQL_AUTO_IS_NULL=0[0m


Processing OrdersController#checkout (for 127.0.0.1 at 2009-09-22 19:28:33) [GET]
  Parameters: {"action"=>"checkout", "id"=>"R185016664", "controller"=>"orders"}
  [4;36;1mTaxonomy Load (0.1ms)[0m   [0;1mSELECT * FROM `taxonomies`[0m
  [4;35;1mTaxonomy Columns (0.8ms)[0m   [0mSHOW FIELDS FROM `taxonomies`[0m
  [4;36;1mTaxon Load (0.1ms)[0m   [0;1mSELECT `taxons`.* FROM `taxons` WHERE (`taxons`.taxonomy_id IN (276849385,402847427) AND (parent_id is null))[0m
  [4;35;1mTaxon Columns (0.8ms)[0m   [0mSHOW FIELDS FROM `taxons`[0m
  [4;36;1mTaxon Load (0.1ms)[0m   [0;1mSELECT `taxons`.* FROM `taxons` WHERE (`taxons`.parent_id IN (1000,20000)) ORDER BY position[0m
  [4;35;1mSQL (0.5ms)[0m   [0mSHOW TABLES[0m
  [4;36;1mAppConfiguration Load (0.1ms)[0m   [0;1mSELECT * FROM `configurations` WHERE (`configurations`.`name` = 'Default configuration') AND ( (`configurations`.`type` = 'AppConfiguration' ) ) LIMIT 1[0m
Cache miss: Spree::Config ({})
  [4;35;1mPreference Load (0.1ms)[0m   [0mSELECT * FROM `preferences` WHERE (`preferences`.owner_id = 1 AND `preferences`.owner_type = 'Configuration')[0m
Cache write (will save 1.48ms): Spree::Config
Redirected to https://0.0.0.0/orders/R185016664/checkout
Filter chain halted as [:ensure_proper_protocol] rendered_or_redirected.
Completed in 33ms (DB: 4) | 302 Found [http://0.0.0.0/orders/R185016664/checkout]
INFO: Mirroring assets from /usr/lib/ruby/gems/1.8/gems/spree-0.8.1/vendor/extensions/localization/public to /home/usuario/rails/adriana/public
INFO: Mirroring assets from /home/usuario/rails/adriana/vendor/extensions/correios_bounded_store/public to /home/usuario/rails/adriana/public
INFO: Mirroring assets from /home/usuario/rails/adriana/vendor/extensions/site/public to /home/usuario/rails/adriana/public
INFO: Loading mail preferences
  [4;36;1mSQL (0.1ms)[0m   [0;1mSET NAMES 'utf8'[0m
  [4;35;1mSQL (0.1ms)[0m   [0mSET SQL_AUTO_IS_NULL=0[0m
  [4;36;1mSQL (0.4ms)[0m   [0;1mSHOW TABLES[0m
  [4;35;1mAppConfiguration Columns (0.9ms)[0m   [0mSHOW FIELDS FROM `configurations`[0m
  [4;36;1mAppConfiguration Load (0.1ms)[0m   [0;1mSELECT * FROM `configurations` WHERE (`configurations`.`name` = 'Default configuration') AND ( (`configurations`.`type` = 'AppConfiguration' ) ) LIMIT 1[0m
  [4;35;1mPreference Columns (0.9ms)[0m   [0mSHOW FIELDS FROM `preferences`[0m
  [4;36;1mPreference Load (0.1ms)[0m   [0;1mSELECT * FROM `preferences` WHERE (`preferences`.owner_id = 1 AND `preferences`.owner_type = 'Configuration' AND (`preferences`.`group_id` IS NULL AND `preferences`.`group_type` IS NULL AND `preferences`.`attribute` = 'enable_mail_delivery')) LIMIT 1[0m
NOTICE: Mail not enabled
  [4;35;1mOrder Columns (1.2ms)[0m   [0mSHOW FIELDS FROM `orders`[0m
INFO: Loading routes from /usr/lib/ruby/gems/1.8/gems/spree-0.8.1/vendor/extensions/localization/config/routes.rb
INFO: Loading routes from /usr/lib/ruby/gems/1.8/gems/spree-0.8.1/vendor/extensions/payment_gateway/config/routes.rb
INFO: Loading routes from /usr/lib/ruby/gems/1.8/gems/spree-0.8.1/vendor/extensions/tax_calculator/config/routes.rb
INFO: Loading routes from /home/usuario/rails/adriana/vendor/extensions/correios_bounded_store/config/routes.rb
INFO: Loading routes from /home/usuario/rails/adriana/vendor/extensions/site/config/routes.rb
  [4;36;1mSQL (0.1ms)[0m   [0;1mSET NAMES 'utf8'[0m
  [4;35;1mSQL (0.1ms)[0m   [0mSET SQL_AUTO_IS_NULL=0[0m


Processing OrdersController#checkout (for 127.0.0.1 at 2009-09-22 19:31:30) [GET]
  Parameters: {"action"=>"checkout", "id"=>"R185016664", "controller"=>"orders"}
  [4;36;1mTaxonomy Load (0.1ms)[0m   [0;1mSELECT * FROM `taxonomies`[0m
  [4;35;1mTaxonomy Columns (0.6ms)[0m   [0mSHOW FIELDS FROM `taxonomies`[0m
  [4;36;1mTaxon Load (0.1ms)[0m   [0;1mSELECT `taxons`.* FROM `taxons` WHERE (`taxons`.taxonomy_id IN (276849385,402847427) AND (parent_id is null))[0m
  [4;35;1mTaxon Columns (0.8ms)[0m   [0mSHOW FIELDS FROM `taxons`[0m
  [4;36;1mTaxon Load (0.1ms)[0m   [0;1mSELECT `taxons`.* FROM `taxons` WHERE (`taxons`.parent_id IN (1000,20000)) ORDER BY position[0m
  [4;35;1mSQL (0.4ms)[0m   [0mSHOW TABLES[0m
  [4;36;1mAppConfiguration Load (0.1ms)[0m   [0;1mSELECT * FROM `configurations` WHERE (`configurations`.`name` = 'Default configuration') AND ( (`configurations`.`type` = 'AppConfiguration' ) ) LIMIT 1[0m
Cache miss: Spree::Config ({})
  [4;35;1mPreference Load (0.1ms)[0m   [0mSELECT * FROM `preferences` WHERE (`preferences`.owner_id = 1 AND `preferences`.owner_type = 'Configuration')[0m
Cache write (will save 1.45ms): Spree::Config
  [4;36;1mSQL (0.4ms)[0m   [0;1mSHOW TABLES[0m
  [4;35;1mCACHE (0.0ms)[0m   [0mSELECT * FROM `configurations` WHERE (`configurations`.`name` = 'Default configuration') AND ( (`configurations`.`type` = 'AppConfiguration' ) ) LIMIT 1[0m
Cache hit: Spree::Config ({})
  [4;36;1mUser Columns (1.2ms)[0m   [0;1mSHOW FIELDS FROM `users`[0m
  [4;35;1mUser Load (0.4ms)[0m   [0mSELECT * FROM `users` WHERE (`users`.`id` = '1') LIMIT 1[0m
  [4;36;1mSQL (0.1ms)[0m   [0;1mBEGIN[0m
  [4;35;1mRole Columns (0.6ms)[0m   [0mSHOW FIELDS FROM `roles`[0m
  [4;36;1mRole Load (0.1ms)[0m   [0;1mSELECT * FROM `roles` WHERE (`roles`.`name` = 'user') LIMIT 1[0m
  [4;35;1mroles_users Columns (0.5ms)[0m   [0mSHOW FIELDS FROM `roles_users`[0m
  [4;36;1mRole Load (0.1ms)[0m   [0;1mSELECT * FROM `roles` INNER JOIN `roles_users` ON `roles`.id = `roles_users`.role_id WHERE (`roles_users`.user_id = 1 )[0m
  [4;35;1mUser Update (0.3ms)[0m   [0mUPDATE `users` SET `updated_at` = '2009-09-22 22:31:31', `perishable_token` = 'exDgTpOzZnexuaE2IY0f', `last_request_at` = '2009-09-22 22:31:31' WHERE `id` = 1[0m
  [4;36;1mSQL (5.9ms)[0m   [0;1mCOMMIT[0m
  [4;35;1mSQL (0.4ms)[0m   [0mSHOW TABLES[0m
  [4;36;1mAppConfiguration Load (0.1ms)[0m   [0;1mSELECT * FROM `configurations` WHERE (`configurations`.`name` = 'Default configuration') AND ( (`configurations`.`type` = 'AppConfiguration' ) ) LIMIT 1[0m
Cache hit: Spree::Config ({})
  [4;35;1mOrder Load (0.1ms)[0m   [0mSELECT * FROM `orders` WHERE (`orders`.`number` = 'R185016664') LIMIT 1[0m
  [4;36;1mUser Load (0.3ms)[0m   [0;1mSELECT * FROM `users` WHERE (`users`.`id` = '1') LIMIT 1[0m
  [4;35;1mSQL (0.1ms)[0m   [0mBEGIN[0m
  [4;36;1mRole Load (0.1ms)[0m   [0;1mSELECT * FROM `roles` WHERE (`roles`.`name` = 'user') LIMIT 1[0m
  [4;35;1mRole Load (0.1ms)[0m   [0mSELECT * FROM `roles` INNER JOIN `roles_users` ON `roles`.id = `roles_users`.role_id WHERE (`roles_users`.user_id = 1 )[0m
  [4;36;1mUser Update (0.3ms)[0m   [0;1mUPDATE `users` SET `updated_at` = '2009-09-22 22:31:31', `perishable_token` = 'Xx-4dHqi8HhbdB5y28gU', `last_request_at` = '2009-09-22 22:31:31' WHERE `id` = 1[0m
  [4;35;1mSQL (0.5ms)[0m   [0mCOMMIT[0m
  [4;36;1mOrder Load (0.1ms)[0m   [0;1mSELECT * FROM `orders` WHERE (`orders`.`number` = 'R185016664') LIMIT 1[0m
  [4;35;1mSQL (0.1ms)[0m   [0mBEGIN[0m
  [4;36;1mOrder Load (0.4ms)[0m   [0;1mSELECT * FROM `orders` WHERE (number = 'R067841575') LIMIT 1[0m
  [4;35;1mSQL (0.3ms)[0m   [0mSELECT count(*) AS count_all FROM `orders` WHERE (orders.number = 'R067841575')[0m
  [4;36;1mOrder Create (0.3ms)[0m   [0;1mINSERT INTO `orders` (`number`, `checkout_complete`, `ship_address_id`, `created_at`, `bill_address_id`, `special_instructions`, `updated_at`, `token`, `item_total`, `total`, `tax_amount`, `user_id`, `ship_amount`, `ip_address`, `state`, `email`) VALUES('R067841575', NULL, NULL, '2009-09-22 22:31:31', NULL, NULL, '2009-09-22 22:31:31', 'yiNMwbeo3KYPguIfS2xt', 0.0, 0.0, 0.0, NULL, 0.0, NULL, 'in_progress', NULL)[0m
  [4;35;1mSQL (0.5ms)[0m   [0mCOMMIT[0m
  [4;36;1mOrder Load (0.3ms)[0m   [0;1mSELECT * FROM `orders` WHERE (`orders`.`number` = 'R185016664') LIMIT 1[0m
  [4;35;1mSQL (0.4ms)[0m   [0mSHOW TABLES[0m
  [4;36;1mAppConfiguration Load (0.1ms)[0m   [0;1mSELECT * FROM `configurations` WHERE (`configurations`.`name` = 'Default configuration') AND ( (`configurations`.`type` = 'AppConfiguration' ) ) LIMIT 1[0m
Cache hit: Spree::Config ({})
  [4;35;1mCountry Columns (0.7ms)[0m   [0mSHOW FIELDS FROM `countries`[0m
  [4;36;1mCountry Load (0.1ms)[0m   [0;1mSELECT * FROM `countries` WHERE (`countries`.`id` = 28)[0m
  [4;35;1mCountry Load (0.2ms)[0m   [0mSELECT * FROM `countries`[0m
  [4;36;1mShippingMethod Load (0.1ms)[0m   [0;1mSELECT * FROM `shipping_methods`[0m
  [4;35;1mShippingMethod Columns (0.8ms)[0m   [0mSHOW FIELDS FROM `shipping_methods`[0m
  [4;36;1mZone Columns (0.6ms)[0m   [0;1mSHOW FIELDS FROM `zones`[0m
  [4;35;1mZone Load (0.1ms)[0m   [0mSELECT * FROM `zones` WHERE (`zones`.`id` = 319924150)[0m
  [4;36;1mZoneMember Load (0.1ms)[0m   [0;1mSELECT * FROM `zone_members` WHERE (`zone_members`.zone_id = 319924150) ORDER BY zone_members.id DESC LIMIT 1[0m
  [4;35;1mZoneMember Columns (0.7ms)[0m   [0mSHOW FIELDS FROM `zone_members`[0m
  [4;36;1mCACHE (0.0ms)[0m   [0;1mSELECT * FROM `zone_members` WHERE (`zone_members`.zone_id = 319924150) ORDER BY zone_members.id DESC LIMIT 1[0m
  [4;35;1mZoneMember Load (0.1ms)[0m   [0mSELECT * FROM `zone_members` WHERE (`zone_members`.zone_id = 319924150)[0m
  [4;36;1mCACHE (0.0ms)[0m   [0;1mSELECT * FROM `countries` WHERE (`countries`.`id` = 28)[0m
  [4;35;1mCACHE (0.0ms)[0m   [0mSELECT * FROM `zones` WHERE (`zones`.`id` = 319924150)[0m
  [4;36;1mCACHE (0.0ms)[0m   [0;1mSELECT * FROM `zone_members` WHERE (`zone_members`.zone_id = 319924150) ORDER BY zone_members.id DESC LIMIT 1[0m
  [4;35;1mCACHE (0.0ms)[0m   [0mSELECT * FROM `zone_members` WHERE (`zone_members`.zone_id = 319924150) ORDER BY zone_members.id DESC LIMIT 1[0m
  [4;36;1mCACHE (0.0ms)[0m   [0;1mSELECT * FROM `zone_members` WHERE (`zone_members`.zone_id = 319924150)[0m
  [4;35;1mCACHE (0.0ms)[0m   [0mSELECT * FROM `countries` WHERE (`countries`.`id` = 28)[0m
  [4;36;1mState Load (0.1ms)[0m   [0;1mSELECT * FROM `states` WHERE (`states`.country_id = 28)[0m
  [4;35;1mState Columns (0.7ms)[0m   [0mSHOW FIELDS FROM `states`[0m
  [4;36;1mSQL (0.1ms)[0m   [0;1mBEGIN[0m
  [4;35;1mLineItem Load (0.1ms)[0m   [0mSELECT * FROM `line_items` WHERE (`line_items`.order_id = 685019084)[0m
  [4;36;1mLineItem Columns (0.8ms)[0m   [0;1mSHOW FIELDS FROM `line_items`[0m
  [4;35;1mVariant Columns (0.9ms)[0m   [0mSHOW FIELDS FROM `variants`[0m
  [4;36;1mVariant Load (0.1ms)[0m   [0;1mSELECT * FROM `variants` WHERE (`variants`.`id` = 154744438)[0m
  [4;35;1mInventoryUnit Columns (0.8ms)[0m   [0mSHOW FIELDS FROM `inventory_units`[0m
  [4;36;1mSQL (0.1ms)[0m   [0;1mSELECT count(*) AS count_all FROM `inventory_units` WHERE (((`inventory_units`.`state` IN ('on_hand')) AND (`inventory_units`.variant_id = 154744438)) AND (`inventory_units`.variant_id = 154744438))[0m
  [4;35;1mSQL (0.6ms)[0m   [0mSELECT count(*) AS count_all FROM `orders` WHERE (orders.number = 'R185016664' and orders.id != 685019084)[0m
  [4;36;1mCACHE (0.0ms)[0m   [0;1mSELECT count(*) AS count_all FROM `inventory_units` WHERE (((`inventory_units`.`state` IN ('on_hand')) AND (`inventory_units`.variant_id = 154744438)) AND (`inventory_units`.variant_id = 154744438))[0m
  [4;35;1mSQL (0.1ms)[0m   [0mCOMMIT[0m
  [4;36;1mAddress Columns (1.1ms)[0m   [0;1mSHOW FIELDS FROM `addresses`[0m
  [4;35;1mAddress Load (0.1ms)[0m   [0mSELECT * FROM `addresses` WHERE (`addresses`.`id` = 1069132716)[0m
  [4;36;1mAddress Load (0.1ms)[0m   [0;1mSELECT * FROM `addresses` WHERE (`addresses`.`id` = 1069132717)[0m
  [4;35;1mCreditcard Columns (1.1ms)[0m   [0mSHOW FIELDS FROM `creditcards`[0m
  [4;36;1mSQL (0.1ms)[0m   [0;1mSELECT count(*) AS count_all FROM `creditcards` WHERE (`creditcards`.order_id = 685019084)[0m
  [4;35;1mCACHE (0.0ms)[0m   [0mSELECT * FROM `shipping_methods`[0m
  [4;36;1mCACHE (0.0ms)[0m   [0;1mSELECT * FROM `zones` WHERE (`zones`.`id` = 319924150)[0m
  [4;35;1mCACHE (0.0ms)[0m   [0mSELECT * FROM `zone_members` WHERE (`zone_members`.zone_id = 319924150) ORDER BY zone_members.id DESC LIMIT 1[0m
  [4;36;1mCACHE (0.0ms)[0m   [0;1mSELECT * FROM `zone_members` WHERE (`zone_members`.zone_id = 319924150)[0m
  [4;35;1mCACHE (0.0ms)[0m   [0mSELECT * FROM `countries` WHERE (`countries`.`id` = 28)[0m
  [4;36;1mCACHE (0.0ms)[0m   [0;1mSELECT * FROM `countries` WHERE (`countries`.`id` = 28)[0m
  [4;35;1mCACHE (0.0ms)[0m   [0mSELECT * FROM `zones` WHERE (`zones`.`id` = 319924150)[0m
  [4;36;1mCACHE (0.0ms)[0m   [0;1mSELECT * FROM `zone_members` WHERE (`zone_members`.zone_id = 319924150) ORDER BY zone_members.id DESC LIMIT 1[0m
  [4;35;1mCACHE (0.0ms)[0m   [0mSELECT * FROM `zone_members` WHERE (`zone_members`.zone_id = 319924150)[0m
  [4;36;1mCACHE (0.0ms)[0m   [0;1mSELECT * FROM `countries` WHERE (`countries`.`id` = 28)[0m
  [4;35;1mShipment Columns (0.9ms)[0m   [0mSHOW FIELDS FROM `shipments`[0m
  [4;36;1mSQL (0.1ms)[0m   [0;1mSELECT count(*) AS count_all FROM `shipments` WHERE (`shipments`.order_id = 685019084)[0m
Rendering template within layouts/application
Rendering orders/checkout
Rendered orders/_billing (18.5ms)
Rendered orders/_shipping (9.3ms)
Rendered orders/_shipping_method (1.2ms)
Rendered orders/_payment (6.0ms)
  [4;35;1mProduct Columns (1.1ms)[0m   [0mSHOW FIELDS FROM `products`[0m
  [4;36;1mProduct Load (0.1ms)[0m   [0;1mSELECT * FROM `products` WHERE (`products`.`id` = 452235760)[0m
  [4;35;1moption_values_variants Columns (0.6ms)[0m   [0mSHOW FIELDS FROM `option_values_variants`[0m
  [4;36;1mOptionValue Load (0.1ms)[0m   [0;1mSELECT * FROM `option_values` INNER JOIN `option_values_variants` ON `option_values`.id = `option_values_variants`.option_value_id WHERE (`option_values_variants`.variant_id = 154744438 )[0m
Rendered shared/_order_details (32.3ms)
Rendered orders/_confirmation (33.9ms)
Rendered orders/_checkout_form (77.6ms)
  [4;35;1mCACHE (0.0ms)[0m   [0mSELECT * FROM `orders` WHERE (`orders`.`number` = 'R185016664') LIMIT 1[0m
  [4;36;1mCACHE (0.0ms)[0m   [0;1mSELECT * FROM `orders` WHERE (`orders`.`number` = 'R185016664') LIMIT 1[0m
  [4;35;1mCACHE (0.0ms)[0m   [0mSELECT * FROM `orders` WHERE (`orders`.`number` = 'R185016664') LIMIT 1[0m
Rendered shared/_login_bar (1.3ms)
  [4;36;1mOrder Load (0.3ms)[0m   [0;1mSELECT * FROM `orders` WHERE (`orders`.`id` = 685019085) LIMIT 1[0m
  [4;35;1mCACHE (0.0ms)[0m   [0mSELECT * FROM `orders` WHERE (`orders`.`id` = 685019085) LIMIT 1[0m
  [4;36;1mLineItem Load (0.3ms)[0m   [0;1mSELECT * FROM `line_items` WHERE (`line_items`.order_id = 685019085)[0m
  [4;35;1mSQL (0.4ms)[0m   [0mSHOW TABLES[0m
  [4;36;1mTaxConfiguration Columns (0.8ms)[0m   [0;1mSHOW FIELDS FROM `configurations`[0m
  [4;35;1mTaxConfiguration Load (0.1ms)[0m   [0mSELECT * FROM `configurations` WHERE (`configurations`.`name` = 'Default tax configuration') AND ( (`configurations`.`type` = 'TaxConfiguration' ) ) LIMIT 1[0m
Cache miss: Spree::Tax::Config ({})
  [4;36;1mPreference Load (0.1ms)[0m   [0;1mSELECT * FROM `preferences` WHERE (`preferences`.owner_id = 2 AND `preferences`.owner_type = 'Configuration')[0m
Cache write (will save 1.63ms): Spree::Tax::Config
  [4;35;1mSQL (0.4ms)[0m   [0mSHOW TABLES[0m
  [4;36;1mCACHE (0.0ms)[0m   [0;1mSELECT * FROM `configurations` WHERE (`configurations`.`name` = 'Default tax configuration') AND ( (`configurations`.`type` = 'TaxConfiguration' ) ) LIMIT 1[0m
Cache hit: Spree::Tax::Config ({})
Rendered shared/_store_menu (21.4ms)
  [4;35;1mSQL (0.4ms)[0m   [0mSHOW TABLES[0m
  [4;36;1mCACHE (0.0ms)[0m   [0;1mSELECT * FROM `configurations` WHERE (`configurations`.`name` = 'Default configuration') AND ( (`configurations`.`type` = 'AppConfiguration' ) ) LIMIT 1[0m
Cache hit: Spree::Config ({})
Rendered shared/_language_bar (4.7ms)
  [4;35;1mSQL (0.4ms)[0m   [0mSHOW TABLES[0m
  [4;36;1mCACHE (0.0ms)[0m   [0;1mSELECT * FROM `configurations` WHERE (`configurations`.`name` = 'Default configuration') AND ( (`configurations`.`type` = 'AppConfiguration' ) ) LIMIT 1[0m
Cache hit: Spree::Config ({})
  [4;35;1mSQL (0.3ms)[0m   [0mSHOW TABLES[0m
  [4;36;1mCACHE (0.0ms)[0m   [0;1mSELECT * FROM `configurations` WHERE (`configurations`.`name` = 'Default configuration') AND ( (`configurations`.`type` = 'AppConfiguration' ) ) LIMIT 1[0m
Cache hit: Spree::Config ({})
Rendered shared/_footer (10.8ms)
Completed in 1492ms (View: 118, DB: 33) | 200 OK [http://0.0.0.0/orders/R185016664/checkout]


Processing StatesController#index to js (for 127.0.0.1 at 2009-09-22 19:31:33) [GET]
  Parameters: {"format"=>"js", "action"=>"index", "controller"=>"states"}
  [4;35;1mTaxonomy Load (0.1ms)[0m   [0mSELECT * FROM `taxonomies`[0m
  [4;36;1mTaxon Load (0.1ms)[0m   [0;1mSELECT `taxons`.* FROM `taxons` WHERE (`taxons`.taxonomy_id IN (276849385,402847427) AND (parent_id is null))[0m
  [4;35;1mTaxon Load (0.1ms)[0m   [0mSELECT `taxons`.* FROM `taxons` WHERE (`taxons`.parent_id IN (1000,20000)) ORDER BY position[0m
  [4;36;1mSQL (0.4ms)[0m   [0;1mSHOW TABLES[0m
  [4;35;1mAppConfiguration Load (0.1ms)[0m   [0mSELECT * FROM `configurations` WHERE (`configurations`.`name` = 'Default configuration') AND ( (`configurations`.`type` = 'AppConfiguration' ) ) LIMIT 1[0m
Cache hit: Spree::Config ({})
  [4;36;1mState Load (0.1ms)[0m   [0;1mSELECT * FROM `states`[0m
  [4;35;1mCountry Load (0.2ms)[0m   [0mSELECT * FROM `countries`[0m
  [4;36;1mSQL (0.1ms)[0m   [0;1mSELECT count(*) AS count_all FROM `states` WHERE (`states`.country_id = 1)[0m
  [4;35;1mSQL (0.1ms)[0m   [0mSELECT count(*) AS count_all FROM `states` WHERE (`states`.country_id = 2)[0m
  [4;36;1mSQL (0.1ms)[0m   [0;1mSELECT count(*) AS count_all FROM `states` WHERE (`states`.country_id = 3)[0m
  [4;35;1mSQL (0.1ms)[0m   [0mSELECT count(*) AS count_all FROM `states` WHERE (`states`.country_id = 4)[0m
  [4;36;1mSQL (0.1ms)[0m   [0;1mSELECT count(*) AS count_all FROM `states` WHERE (`states`.country_id = 5)[0m
  [4;35;1mSQL (0.1ms)[0m   [0mSELECT count(*) AS count_all FROM `states` WHERE (`states`.country_id = 6)[0m
  [4;36;1mSQL (0.1ms)[0m   [0;1mSELECT count(*) AS count_all FROM `states` WHERE (`states`.country_id = 7)[0m
  [4;35;1mSQL (0.1ms)[0m   [0mSELECT count(*) AS count_all FROM `states` WHERE (`states`.country_id = 8)[0m
  [4;36;1mSQL (0.1ms)[0m   [0;1mSELECT count(*) AS count_all FROM `states` WHERE (`states`.country_id = 9)[0m
  [4;35;1mSQL (0.1ms)[0m   [0mSELECT count(*) AS count_all FROM `states` WHERE (`states`.country_id = 10)[0m
  [4;36;1mSQL (0.1ms)[0m   [0;1mSELECT count(*) AS count_all FROM `states` WHERE (`states`.country_id = 11)[0m
  [4;35;1mSQL (0.1ms)[0m   [0mSELECT count(*) AS count_all FROM `states` WHERE (`states`.country_id = 12)[0m
  [4;36;1mSQL (0.1ms)[0m   [0;1mSELECT count(*) AS count_all FROM `states` WHERE (`states`.country_id = 13)[0m
  [4;35;1mSQL (0.1ms)[0m   [0mSELECT count(*) AS count_all FROM `states` WHERE (`states`.country_id = 14)[0m
  [4;36;1mSQL (0.1ms)[0m   [0;1mSELECT count(*) AS count_all FROM `states` WHERE (`states`.country_id = 15)[0m
  [4;35;1mSQL (0.1ms)[0m   [0mSELECT count(*) AS count_all FROM `states` WHERE (`states`.country_id = 16)[0m
  [4;36;1mSQL (0.1ms)[0m   [0;1mSELECT count(*) AS count_all FROM `states` WHERE (`states`.country_id = 17)[0m
  [4;35;1mSQL (0.1ms)[0m   [0mSELECT count(*) AS count_all FROM `states` WHERE (`states`.country_id = 18)[0m
  [4;36;1mSQL (0.1ms)[0m   [0;1mSELECT count(*) AS count_all FROM `states` WHERE (`states`.country_id = 19)[0m
  [4;35;1mSQL (0.1ms)[0m   [0mSELECT count(*) AS count_all FROM `states` WHERE (`states`.country_id = 20)[0m
  [4;36;1mSQL (0.1ms)[0m   [0;1mSELECT count(*) AS count_all FROM `states` WHERE (`states`.country_id = 21)[0m
  [4;35;1mSQL (0.1ms)[0m   [0mSELECT count(*) AS count_all FROM `states` WHERE (`states`.country_id = 22)[0m
  [4;36;1mSQL (0.1ms)[0m   [0;1mSELECT count(*) AS count_all FROM `states` WHERE (`states`.country_id = 23)[0m
  [4;35;1mSQL (0.1ms)[0m   [0mSELECT count(*) AS count_all FROM `states` WHERE (`states`.country_id = 24)[0m
  [4;36;1mSQL (0.1ms)[0m   [0;1mSELECT count(*) AS count_all FROM `states` WHERE (`states`.country_id = 25)[0m
  [4;35;1mSQL (0.1ms)[0m   [0mSELECT count(*) AS count_all FROM `states` WHERE (`states`.country_id = 26)[0m
  [4;36;1mSQL (0.1ms)[0m   [0;1mSELECT count(*) AS count_all FROM `states` WHERE (`states`.country_id = 27)[0m
  [4;35;1mSQL (0.1ms)[0m   [0mSELECT count(*) AS count_all FROM `states` WHERE (`states`.country_id = 28)[0m
  [4;36;1mState Load (0.1ms)[0m   [0;1mSELECT * FROM `states` WHERE (`states`.country_id = 28)[0m
  [4;35;1mSQL (0.1ms)[0m   [0mSELECT count(*) AS count_all FROM `states` WHERE (`states`.country_id = 29)[0m
  [4;36;1mSQL (0.1ms)[0m   [0;1mSELECT count(*) AS count_all FROM `states` WHERE (`states`.country_id = 30)[0m
  [4;35;1mSQL (0.1ms)[0m   [0mSELECT count(*) AS count_all FROM `states` WHERE (`states`.country_id = 31)[0m
  [4;36;1mSQL (0.1ms)[0m   [0;1mSELECT count(*) AS count_all FROM `states` WHERE (`states`.country_id = 32)[0m
  [4;35;1mSQL (0.1ms)[0m   [0mSELECT count(*) AS count_all FROM `states` WHERE (`states`.country_id = 33)[0m
  [4;36;1mSQL (0.1ms)[0m   [0;1mSELECT count(*) AS count_all FROM `states` WHERE (`states`.country_id = 34)[0m
  [4;35;1mSQL (0.1ms)[0m   [0mSELECT count(*) AS count_all FROM `states` WHERE (`states`.country_id = 35)[0m
  [4;36;1mSQL (0.1ms)[0m   [0;1mSELECT count(*) AS count_all FROM `states` WHERE (`states`.country_id = 36)[0m
  [4;35;1mSQL (0.1ms)[0m   [0mSELECT count(*) AS count_all FROM `states` WHERE (`states`.country_id = 37)[0m
  [4;36;1mSQL (0.1ms)[0m   [0;1mSELECT count(*) AS count_all FROM `states` WHERE (`states`.country_id = 38)[0m
  [4;35;1mSQL (0.1ms)[0m   [0mSELECT count(*) AS count_all FROM `states` WHERE (`states`.country_id = 39)[0m
  [4;36;1mSQL (0.1ms)[0m   [0;1mSELECT count(*) AS count_all FROM `states` WHERE (`states`.country_id = 40)[0m
  [4;35;1mSQL (0.1ms)[0m   [0mSELECT count(*) AS count_all FROM `states` WHERE (`states`.country_id = 41)[0m
  [4;36;1mSQL (0.1ms)[0m   [0;1mSELECT count(*) AS count_all FROM `states` WHERE (`states`.country_id = 42)[0m
  [4;35;1mSQL (0.1ms)[0m   [0mSELECT count(*) AS count_all FROM `states` WHERE (`states`.country_id = 43)[0m
  [4;36;1mSQL (0.1ms)[0m   [0;1mSELECT count(*) AS count_all FROM `states` WHERE (`states`.country_id = 44)[0m
  [4;35;1mSQL (0.1ms)[0m   [0mSELECT count(*) AS count_all FROM `states` WHERE (`states`.country_id = 45)[0m
  [4;36;1mSQL (0.1ms)[0m   [0;1mSELECT count(*) AS count_all FROM `states` WHERE (`states`.country_id = 46)[0m
  [4;35;1mSQL (0.1ms)[0m   [0mSELECT count(*) AS count_all FROM `states` WHERE (`states`.country_id = 47)[0m
  [4;36;1mSQL (0.1ms)[0m   [0;1mSELECT count(*) AS count_all FROM `states` WHERE (`states`.country_id = 48)[0m
  [4;35;1mSQL (0.1ms)[0m   [0mSELECT count(*) AS count_all FROM `states` WHERE (`states`.country_id = 49)[0m
  [4;36;1mSQL (0.1ms)[0m   [0;1mSELECT count(*) AS count_all FROM `states` WHERE (`states`.country_id = 50)[0m
  [4;35;1mSQL (0.1ms)[0m   [0mSELECT count(*) AS count_all FROM `states` WHERE (`states`.country_id = 51)[0m
  [4;36;1mSQL (0.1ms)[0m   [0;1mSELECT count(*) AS count_all FROM `states` WHERE (`states`.country_id = 52)[0m
  [4;35;1mSQL (0.1ms)[0m   [0mSELECT count(*) AS count_all FROM `states` WHERE (`states`.country_id = 53)[0m
  [4;36;1mSQL (0.1ms)[0m   [0;1mSELECT count(*) AS count_all FROM `states` WHERE (`states`.country_id = 54)[0m
  [4;35;1mSQL (0.1ms)[0m   [0mSELECT count(*) AS count_all FROM `states` WHERE (`states`.country_id = 55)[0m
  [4;36;1mSQL (0.1ms)[0m   [0;1mSELECT count(*) AS count_all FROM `states` WHERE (`states`.country_id = 56)[0m
  [4;35;1mSQL (0.1ms)[0m   [0mSELECT count(*) AS count_all FROM `states` WHERE (`states`.country_id = 57)[0m
  [4;36;1mSQL (0.1ms)[0m   [0;1mSELECT count(*) AS count_all FROM `states` WHERE (`states`.country_id = 58)[0m
  [4;35;1mSQL (0.1ms)[0m   [0mSELECT count(*) AS count_all FROM `states` WHERE (`states`.country_id = 59)[0m
  [4;36;1mSQL (0.1ms)[0m   [0;1mSELECT count(*) AS count_all FROM `states` WHERE (`states`.country_id = 60)[0m
  [4;35;1mSQL (0.1ms)[0m   [0mSELECT count(*) AS count_all FROM `states` WHERE (`states`.country_id = 61)[0m
  [4;36;1mSQL (0.1ms)[0m   [0;1mSELECT count(*) AS count_all FROM `states` WHERE (`states`.country_id = 62)[0m
  [4;35;1mSQL (0.1ms)[0m   [0mSELECT count(*) AS count_all FROM `states` WHERE (`states`.country_id = 63)[0m
  [4;36;1mSQL (0.1ms)[0m   [0;1mSELECT count(*) AS count_all FROM `states` WHERE (`states`.country_id = 64)[0m
  [4;35;1mSQL (0.1ms)[0m   [0mSELECT count(*) AS count_all FROM `states` WHERE (`states`.country_id = 65)[0m
  [4;36;1mSQL (0.1ms)[0m   [0;1mSELECT count(*) AS count_all FROM `states` WHERE (`states`.country_id = 66)[0m
  [4;35;1mSQL (0.1ms)[0m   [0mSELECT count(*) AS count_all FROM `states` WHERE (`states`.country_id = 67)[0m
  [4;36;1mSQL (0.1ms)[0m   [0;1mSELECT count(*) AS count_all FROM `states` WHERE (`states`.country_id = 68)[0m
  [4;35;1mSQL (0.1ms)[0m   [0mSELECT count(*) AS count_all FROM `states` WHERE (`states`.country_id = 69)[0m
  [4;36;1mSQL (0.1ms)[0m   [0;1mSELECT count(*) AS count_all FROM `states` WHERE (`states`.country_id = 70)[0m
  [4;35;1mSQL (0.1ms)[0m   [0mSELECT count(*) AS count_all FROM `states` WHERE (`states`.country_id = 71)[0m
  [4;36;1mSQL (0.1ms)[0m   [0;1mSELECT count(*) AS count_all FROM `states` WHERE (`states`.country_id = 72)[0m
  [4;35;1mSQL (0.1ms)[0m   [0mSELECT count(*) AS count_all FROM `states` WHERE (`states`.country_id = 73)[0m
  [4;36;1mSQL (0.1ms)[0m   [0;1mSELECT count(*) AS count_all FROM `states` WHERE (`states`.country_id = 74)[0m
  [4;35;1mSQL (0.1ms)[0m   [0mSELECT count(*) AS count_all FROM `states` WHERE (`states`.country_id = 75)[0m
  [4;36;1mSQL (0.1ms)[0m   [0;1mSELECT count(*) AS count_all FROM `states` WHERE (`states`.country_id = 76)[0m
  [4;35;1mSQL (0.1ms)[0m   [0mSELECT count(*) AS count_all FROM `states` WHERE (`states`.country_id = 77)[0m
  [4;36;1mSQL (0.1ms)[0m   [0;1mSELECT count(*) AS count_all FROM `states` WHERE (`states`.country_id = 78)[0m
  [4;35;1mSQL (0.1ms)[0m   [0mSELECT count(*) AS count_all FROM `states` WHERE (`states`.country_id = 79)[0m
  [4;36;1mSQL (0.1ms)[0m   [0;1mSELECT count(*) AS count_all FROM `states` WHERE (`states`.country_id = 80)[0m
  [4;35;1mSQL (0.1ms)[0m   [0mSELECT count(*) AS count_all FROM `states` WHERE (`states`.country_id = 81)[0m
  [4;36;1mSQL (0.1ms)[0m   [0;1mSELECT count(*) AS count_all FROM `states` WHERE (`states`.country_id = 82)[0m
  [4;35;1mSQL (0.1ms)[0m   [0mSELECT count(*) AS count_all FROM `states` WHERE (`states`.country_id = 83)[0m
  [4;36;1mSQL (0.1ms)[0m   [0;1mSELECT count(*) AS count_all FROM `states` WHERE (`states`.country_id = 84)[0m
  [4;35;1mSQL (0.1ms)[0m   [0mSELECT count(*) AS count_all FROM `states` WHERE (`states`.country_id = 85)[0m
  [4;36;1mSQL (0.1ms)[0m   [0;1mSELECT count(*) AS count_all FROM `states` WHERE (`states`.country_id = 86)[0m
  [4;35;1mSQL (0.1ms)[0m   [0mSELECT count(*) AS count_all FROM `states` WHERE (`states`.country_id = 87)[0m
  [4;36;1mSQL (0.1ms)[0m   [0;1mSELECT count(*) AS count_all FROM `states` WHERE (`states`.country_id = 88)[0m
  [4;35;1mSQL (0.1ms)[0m   [0mSELECT count(*) AS count_all FROM `states` WHERE (`states`.country_id = 89)[0m
  [4;36;1mSQL (0.1ms)[0m   [0;1mSELECT count(*) AS count_all FROM `states` WHERE (`states`.country_id = 90)[0m
  [4;35;1mSQL (0.1ms)[0m   [0mSELECT count(*) AS count_all FROM `states` WHERE (`states`.country_id = 91)[0m
  [4;36;1mSQL (0.1ms)[0m   [0;1mSELECT count(*) AS count_all FROM `states` WHERE (`states`.country_id = 92)[0m
  [4;35;1mSQL (0.1ms)[0m   [0mSELECT count(*) AS count_all FROM `states` WHERE (`states`.country_id = 93)[0m
  [4;36;1mSQL (0.1ms)[0m   [0;1mSELECT count(*) AS count_all FROM `states` WHERE (`states`.country_id = 94)[0m
  [4;35;1mSQL (0.1ms)[0m   [0mSELECT count(*) AS count_all FROM `states` WHERE (`states`.country_id = 95)[0m
  [4;36;1mSQL (0.1ms)[0m   [0;1mSELECT count(*) AS count_all FROM `states` WHERE (`states`.country_id = 96)[0m
  [4;35;1mSQL (0.1ms)[0m   [0mSELECT count(*) AS count_all FROM `states` WHERE (`states`.country_id = 97)[0m
  [4;36;1mSQL (0.1ms)[0m   [0;1mSELECT count(*) AS count_all FROM `states` WHERE (`states`.country_id = 98)[0m
  [4;35;1mSQL (0.1ms)[0m   [0mSELECT count(*) AS count_all FROM `states` WHERE (`states`.country_id = 99)[0m
  [4;36;1mSQL (0.1ms)[0m   [0;1mSELECT count(*) AS count_all FROM `states` WHERE (`states`.country_id = 100)[0m
  [4;35;1mSQL (0.1ms)[0m   [0mSELECT count(*) AS count_all FROM `states` WHERE (`states`.country_id = 101)[0m
  [4;36;1mSQL (0.1ms)[0m   [0;1mSELECT count(*) AS count_all FROM `states` WHERE (`states`.country_id = 102)[0m
  [4;35;1mSQL (0.1ms)[0m   [0mSELECT count(*) AS count_all FROM `states` WHERE (`states`.country_id = 103)[0m
  [4;36;1mSQL (0.1ms)[0m   [0;1mSELECT count(*) AS count_all FROM `states` WHERE (`states`.country_id = 104)[0m
  [4;35;1mSQL (0.1ms)[0m   [0mSELECT count(*) AS count_all FROM `states` WHERE (`states`.country_id = 105)[0m
  [4;36;1mSQL (0.1ms)[0m   [0;1mSELECT count(*) AS count_all FROM `states` WHERE (`states`.country_id = 106)[0m
  [4;35;1mSQL (0.1ms)[0m   [0mSELECT count(*) AS count_all FROM `states` WHERE (`states`.country_id = 107)[0m
  [4;36;1mSQL (0.2ms)[0m   [0;1mSELECT count(*) AS count_all FROM `states` WHERE (`states`.country_id = 108)[0m
  [4;35;1mSQL (0.1ms)[0m   [0mSELECT count(*) AS count_all FROM `states` WHERE (`states`.country_id = 109)[0m
  [4;36;1mSQL (0.1ms)[0m   [0;1mSELECT count(*) AS count_all FROM `states` WHERE (`states`.country_id = 110)[0m
  [4;35;1mSQL (0.1ms)[0m   [0mSELECT count(*) AS count_all FROM `states` WHERE (`states`.country_id = 111)[0m
  [4;36;1mSQL (0.1ms)[0m   [0;1mSELECT count(*) AS count_all FROM `states` WHERE (`states`.country_id = 112)[0m
  [4;35;1mSQL (0.1ms)[0m   [0mSELECT count(*) AS count_all FROM `states` WHERE (`states`.country_id = 113)[0m
  [4;36;1mSQL (0.1ms)[0m   [0;1mSELECT count(*) AS count_all FROM `states` WHERE (`states`.country_id = 114)[0m
  [4;35;1mSQL (0.1ms)[0m   [0mSELECT count(*) AS count_all FROM `states` WHERE (`states`.country_id = 115)[0m
  [4;36;1mSQL (0.1ms)[0m   [0;1mSELECT count(*) AS count_all FROM `states` WHERE (`states`.country_id = 116)[0m
  [4;35;1mSQL (0.1ms)[0m   [0mSELECT count(*) AS count_all FROM `states` WHERE (`states`.country_id = 117)[0m
  [4;36;1mSQL (0.1ms)[0m   [0;1mSELECT count(*) AS count_all FROM `states` WHERE (`states`.country_id = 118)[0m
  [4;35;1mSQL (0.1ms)[0m   [0mSELECT count(*) AS count_all FROM `states` WHERE (`states`.country_id = 119)[0m
  [4;36;1mSQL (0.1ms)[0m   [0;1mSELECT count(*) AS count_all FROM `states` WHERE (`states`.country_id = 120)[0m
  [4;35;1mSQL (0.1ms)[0m   [0mSELECT count(*) AS count_all FROM `states` WHERE (`states`.country_id = 121)[0m
  [4;36;1mSQL (0.1ms)[0m   [0;1mSELECT count(*) AS count_all FROM `states` WHERE (`states`.country_id = 122)[0m
  [4;35;1mSQL (0.1ms)[0m   [0mSELECT count(*) AS count_all FROM `states` WHERE (`states`.country_id = 123)[0m
  [4;36;1mSQL (0.1ms)[0m   [0;1mSELECT count(*) AS count_all FROM `states` WHERE (`states`.country_id = 124)[0m
  [4;35;1mSQL (0.1ms)[0m   [0mSELECT count(*) AS count_all FROM `states` WHERE (`states`.country_id = 125)[0m
  [4;36;1mSQL (0.1ms)[0m   [0;1mSELECT count(*) AS count_all FROM `states` WHERE (`states`.country_id = 126)[0m
  [4;35;1mSQL (0.1ms)[0m   [0mSELECT count(*) AS count_all FROM `states` WHERE (`states`.country_id = 127)[0m
  [4;36;1mSQL (0.1ms)[0m   [0;1mSELECT count(*) AS count_all FROM `states` WHERE (`states`.country_id = 128)[0m
  [4;35;1mSQL (0.1ms)[0m   [0mSELECT count(*) AS count_all FROM `states` WHERE (`states`.country_id = 129)[0m
  [4;36;1mSQL (0.1ms)[0m   [0;1mSELECT count(*) AS count_all FROM `states` WHERE (`states`.country_id = 130)[0m
  [4;35;1mSQL (0.1ms)[0m   [0mSELECT count(*) AS count_all FROM `states` WHERE (`states`.country_id = 131)[0m
  [4;36;1mSQL (0.1ms)[0m   [0;1mSELECT count(*) AS count_all FROM `states` WHERE (`states`.country_id = 132)[0m
  [4;35;1mSQL (0.1ms)[0m   [0mSELECT count(*) AS count_all FROM `states` WHERE (`states`.country_id = 133)[0m
  [4;36;1mSQL (0.1ms)[0m   [0;1mSELECT count(*) AS count_all FROM `states` WHERE (`states`.country_id = 134)[0m
  [4;35;1mSQL (0.1ms)[0m   [0mSELECT count(*) AS count_all FROM `states` WHERE (`states`.country_id = 135)[0m
  [4;36;1mSQL (0.1ms)[0m   [0;1mSELECT count(*) AS count_all FROM `states` WHERE (`states`.country_id = 136)[0m
  [4;35;1mSQL (0.1ms)[0m   [0mSELECT count(*) AS count_all FROM `states` WHERE (`states`.country_id = 137)[0m
  [4;36;1mSQL (0.1ms)[0m   [0;1mSELECT count(*) AS count_all FROM `states` WHERE (`states`.country_id = 138)[0m
  [4;35;1mSQL (0.1ms)[0m   [0mSELECT count(*) AS count_all FROM `states` WHERE (`states`.country_id = 139)[0m
  [4;36;1mSQL (0.1ms)[0m   [0;1mSELECT count(*) AS count_all FROM `states` WHERE (`states`.country_id = 140)[0m
  [4;35;1mSQL (0.1ms)[0m   [0mSELECT count(*) AS count_all FROM `states` WHERE (`states`.country_id = 141)[0m
  [4;36;1mSQL (0.1ms)[0m   [0;1mSELECT count(*) AS count_all FROM `states` WHERE (`states`.country_id = 142)[0m
  [4;35;1mSQL (0.1ms)[0m   [0mSELECT count(*) AS count_all FROM `states` WHERE (`states`.country_id = 143)[0m
  [4;36;1mSQL (0.1ms)[0m   [0;1mSELECT count(*) AS count_all FROM `states` WHERE (`states`.country_id = 144)[0m
  [4;35;1mSQL (0.1ms)[0m   [0mSELECT count(*) AS count_all FROM `states` WHERE (`states`.country_id = 145)[0m
  [4;36;1mSQL (0.1ms)[0m   [0;1mSELECT count(*) AS count_all FROM `states` WHERE (`states`.country_id = 146)[0m
  [4;35;1mSQL (0.1ms)[0m   [0mSELECT count(*) AS count_all FROM `states` WHERE (`states`.country_id = 147)[0m
  [4;36;1mSQL (0.1ms)[0m   [0;1mSELECT count(*) AS count_all FROM `states` WHERE (`states`.country_id = 148)[0m
  [4;35;1mSQL (0.1ms)[0m   [0mSELECT count(*) AS count_all FROM `states` WHERE (`states`.country_id = 149)[0m
  [4;36;1mSQL (0.1ms)[0m   [0;1mSELECT count(*) AS count_all FROM `states` WHERE (`states`.country_id = 150)[0m
  [4;35;1mSQL (0.1ms)[0m   [0mSELECT count(*) AS count_all FROM `states` WHERE (`states`.country_id = 151)[0m
  [4;36;1mSQL (0.1ms)[0m   [0;1mSELECT count(*) AS count_all FROM `states` WHERE (`states`.country_id = 152)[0m
  [4;35;1mSQL (0.1ms)[0m   [0mSELECT count(*) AS count_all FROM `states` WHERE (`states`.country_id = 153)[0m
  [4;36;1mSQL (0.1ms)[0m   [0;1mSELECT count(*) AS count_all FROM `states` WHERE (`states`.country_id = 154)[0m
  [4;35;1mSQL (0.1ms)[0m   [0mSELECT count(*) AS count_all FROM `states` WHERE (`states`.country_id = 155)[0m
  [4;36;1mSQL (0.1ms)[0m   [0;1mSELECT count(*) AS count_all FROM `states` WHERE (`states`.country_id = 156)[0m
  [4;35;1mSQL (0.1ms)[0m   [0mSELECT count(*) AS count_all FROM `states` WHERE (`states`.country_id = 157)[0m
  [4;36;1mSQL (0.1ms)[0m   [0;1mSELECT count(*) AS count_all FROM `states` WHERE (`states`.country_id = 158)[0m
  [4;35;1mSQL (0.1ms)[0m   [0mSELECT count(*) AS count_all FROM `states` WHERE (`states`.country_id = 159)[0m
  [4;36;1mSQL (0.1ms)[0m   [0;1mSELECT count(*) AS count_all FROM `states` WHERE (`states`.country_id = 160)[0m
  [4;35;1mSQL (0.1ms)[0m   [0mSELECT count(*) AS count_all FROM `states` WHERE (`states`.country_id = 161)[0m
  [4;36;1mSQL (0.1ms)[0m   [0;1mSELECT count(*) AS count_all FROM `states` WHERE (`states`.country_id = 162)[0m
  [4;35;1mSQL (0.1ms)[0m   [0mSELECT count(*) AS count_all FROM `states` WHERE (`states`.country_id = 163)[0m
  [4;36;1mSQL (0.1ms)[0m   [0;1mSELECT count(*) AS count_all FROM `states` WHERE (`states`.country_id = 164)[0m
  [4;35;1mSQL (0.1ms)[0m   [0mSELECT count(*) AS count_all FROM `states` WHERE (`states`.country_id = 165)[0m
  [4;36;1mSQL (0.1ms)[0m   [0;1mSELECT count(*) AS count_all FROM `states` WHERE (`states`.country_id = 166)[0m
  [4;35;1mSQL (0.1ms)[0m   [0mSELECT count(*) AS count_all FROM `states` WHERE (`states`.country_id = 167)[0m
  [4;36;1mSQL (0.1ms)[0m   [0;1mSELECT count(*) AS count_all FROM `states` WHERE (`states`.country_id = 168)[0m
  [4;35;1mSQL (0.1ms)[0m   [0mSELECT count(*) AS count_all FROM `states` WHERE (`states`.country_id = 169)[0m
  [4;36;1mSQL (0.1ms)[0m   [0;1mSELECT count(*) AS count_all FROM `states` WHERE (`states`.country_id = 170)[0m
  [4;35;1mSQL (0.1ms)[0m   [0mSELECT count(*) AS count_all FROM `states` WHERE (`states`.country_id = 171)[0m
  [4;36;1mSQL (0.1ms)[0m   [0;1mSELECT count(*) AS count_all FROM `states` WHERE (`states`.country_id = 172)[0m
  [4;35;1mSQL (0.1ms)[0m   [0mSELECT count(*) AS count_all FROM `states` WHERE (`states`.country_id = 173)[0m
  [4;36;1mSQL (0.1ms)[0m   [0;1mSELECT count(*) AS count_all FROM `states` WHERE (`states`.country_id = 174)[0m
  [4;35;1mSQL (0.1ms)[0m   [0mSELECT count(*) AS count_all FROM `states` WHERE (`states`.country_id = 175)[0m
  [4;36;1mSQL (0.1ms)[0m   [0;1mSELECT count(*) AS count_all FROM `states` WHERE (`states`.country_id = 176)[0m
  [4;35;1mSQL (0.1ms)[0m   [0mSELECT count(*) AS count_all FROM `states` WHERE (`states`.country_id = 177)[0m
  [4;36;1mSQL (0.1ms)[0m   [0;1mSELECT count(*) AS count_all FROM `states` WHERE (`states`.country_id = 178)[0m
  [4;35;1mSQL (0.1ms)[0m   [0mSELECT count(*) AS count_all FROM `states` WHERE (`states`.country_id = 179)[0m
  [4;36;1mSQL (0.1ms)[0m   [0;1mSELECT count(*) AS count_all FROM `states` WHERE (`states`.country_id = 180)[0m
  [4;35;1mSQL (0.1ms)[0m   [0mSELECT count(*) AS count_all FROM `states` WHERE (`states`.country_id = 181)[0m
  [4;36;1mSQL (0.1ms)[0m   [0;1mSELECT count(*) AS count_all FROM `states` WHERE (`states`.country_id = 182)[0m
  [4;35;1mSQL (0.1ms)[0m   [0mSELECT count(*) AS count_all FROM `states` WHERE (`states`.country_id = 183)[0m
  [4;36;1mSQL (0.1ms)[0m   [0;1mSELECT count(*) AS count_all FROM `states` WHERE (`states`.country_id = 184)[0m
  [4;35;1mSQL (0.1ms)[0m   [0mSELECT count(*) AS count_all FROM `states` WHERE (`states`.country_id = 185)[0m
  [4;36;1mSQL (0.1ms)[0m   [0;1mSELECT count(*) AS count_all FROM `states` WHERE (`states`.country_id = 186)[0m
  [4;35;1mSQL (0.1ms)[0m   [0mSELECT count(*) AS count_all FROM `states` WHERE (`states`.country_id = 187)[0m
  [4;36;1mSQL (0.1ms)[0m   [0;1mSELECT count(*) AS count_all FROM `states` WHERE (`states`.country_id = 188)[0m
  [4;35;1mSQL (0.1ms)[0m   [0mSELECT count(*) AS count_all FROM `states` WHERE (`states`.country_id = 189)[0m
  [4;36;1mSQL (0.1ms)[0m   [0;1mSELECT count(*) AS count_all FROM `states` WHERE (`states`.country_id = 190)[0m
  [4;35;1mSQL (0.1ms)[0m   [0mSELECT count(*) AS count_all FROM `states` WHERE (`states`.country_id = 191)[0m
  [4;36;1mSQL (0.1ms)[0m   [0;1mSELECT count(*) AS count_all FROM `states` WHERE (`states`.country_id = 192)[0m
  [4;35;1mSQL (0.1ms)[0m   [0mSELECT count(*) AS count_all FROM `states` WHERE (`states`.country_id = 193)[0m
  [4;36;1mSQL (0.1ms)[0m   [0;1mSELECT count(*) AS count_all FROM `states` WHERE (`states`.country_id = 194)[0m
  [4;35;1mSQL (0.1ms)[0m   [0mSELECT count(*) AS count_all FROM `states` WHERE (`states`.country_id = 195)[0m
  [4;36;1mSQL (0.1ms)[0m   [0;1mSELECT count(*) AS count_all FROM `states` WHERE (`states`.country_id = 196)[0m
  [4;35;1mSQL (0.1ms)[0m   [0mSELECT count(*) AS count_all FROM `states` WHERE (`states`.country_id = 197)[0m
  [4;36;1mSQL (0.1ms)[0m   [0;1mSELECT count(*) AS count_all FROM `states` WHERE (`states`.country_id = 198)[0m
  [4;35;1mSQL (0.1ms)[0m   [0mSELECT count(*) AS count_all FROM `states` WHERE (`states`.country_id = 199)[0m
  [4;36;1mSQL (0.1ms)[0m   [0;1mSELECT count(*) AS count_all FROM `states` WHERE (`states`.country_id = 200)[0m
  [4;35;1mSQL (0.1ms)[0m   [0mSELECT count(*) AS count_all FROM `states` WHERE (`states`.country_id = 201)[0m
  [4;36;1mSQL (0.1ms)[0m   [0;1mSELECT count(*) AS count_all FROM `states` WHERE (`states`.country_id = 202)[0m
  [4;35;1mSQL (0.1ms)[0m   [0mSELECT count(*) AS count_all FROM `states` WHERE (`states`.country_id = 203)[0m
  [4;36;1mSQL (0.1ms)[0m   [0;1mSELECT count(*) AS count_all FROM `states` WHERE (`states`.country_id = 204)[0m
  [4;35;1mSQL (0.1ms)[0m   [0mSELECT count(*) AS count_all FROM `states` WHERE (`states`.country_id = 205)[0m
  [4;36;1mSQL (0.1ms)[0m   [0;1mSELECT count(*) AS count_all FROM `states` WHERE (`states`.country_id = 206)[0m
  [4;35;1mSQL (0.1ms)[0m   [0mSELECT count(*) AS count_all FROM `states` WHERE (`states`.country_id = 207)[0m
  [4;36;1mSQL (0.1ms)[0m   [0;1mSELECT count(*) AS count_all FROM `states` WHERE (`states`.country_id = 208)[0m
  [4;35;1mSQL (0.1ms)[0m   [0mSELECT count(*) AS count_all FROM `states` WHERE (`states`.country_id = 209)[0m
  [4;36;1mSQL (0.1ms)[0m   [0;1mSELECT count(*) AS count_all FROM `states` WHERE (`states`.country_id = 210)[0m
  [4;35;1mSQL (0.1ms)[0m   [0mSELECT count(*) AS count_all FROM `states` WHERE (`states`.country_id = 211)[0m
  [4;36;1mSQL (0.1ms)[0m   [0;1mSELECT count(*) AS count_all FROM `states` WHERE (`states`.country_id = 212)[0m
  [4;35;1mSQL (0.1ms)[0m   [0mSELECT count(*) AS count_all FROM `states` WHERE (`states`.country_id = 213)[0m
  [4;36;1mSQL (0.1ms)[0m   [0;1mSELECT count(*) AS count_all FROM `states` WHERE (`states`.country_id = 214)[0m
  [4;35;1mSQL (0.1ms)[0m   [0mSELECT count(*) AS count_all FROM `states` WHERE (`states`.country_id = 215)[0m
  [4;36;1mSQL (0.1ms)[0m   [0;1mSELECT count(*) AS count_all FROM `states` WHERE (`states`.country_id = 216)[0m
  [4;35;1mSQL (0.1ms)[0m   [0mSELECT count(*) AS count_all FROM `states` WHERE (`states`.country_id = 217)[0m
  [4;36;1mSQL (0.1ms)[0m   [0;1mSELECT count(*) AS count_all FROM `states` WHERE (`states`.country_id = 218)[0m
  [4;35;1mSQL (0.1ms)[0m   [0mSELECT count(*) AS count_all FROM `states` WHERE (`states`.country_id = 219)[0m
  [4;36;1mSQL (0.1ms)[0m   [0;1mSELECT count(*) AS count_all FROM `states` WHERE (`states`.country_id = 220)[0m
  [4;35;1mSQL (0.1ms)[0m   [0mSELECT count(*) AS count_all FROM `states` WHERE (`states`.country_id = 221)[0m
  [4;36;1mSQL (0.1ms)[0m   [0;1mSELECT count(*) AS count_all FROM `states` WHERE (`states`.country_id = 222)[0m
  [4;35;1mSQL (0.1ms)[0m   [0mSELECT count(*) AS count_all FROM `states` WHERE (`states`.country_id = 223)[0m
  [4;36;1mSQL (0.1ms)[0m   [0;1mSELECT count(*) AS count_all FROM `states` WHERE (`states`.country_id = 224)[0m
  [4;35;1mSQL (0.1ms)[0m   [0mSELECT count(*) AS count_all FROM `states` WHERE (`states`.country_id = 225)[0m
  [4;36;1mSQL (0.1ms)[0m   [0;1mSELECT count(*) AS count_all FROM `states` WHERE (`states`.country_id = 226)[0m
Rendering states/index
Completed in 226ms (View: 3, DB: 18) | 200 OK [http://0.0.0.0/states.js]


Processing OrdersController#checkout (for 127.0.0.1 at 2009-09-22 19:31:38) [POST]
  Parameters: {"action"=>"checkout", "id"=>"R185016664", "order"=>{"creditcards_attributes"=>{"0"=>{"number"=>"[FILTERED]", "month"=>"9", "last_name"=>"", "year"=>"2009", "verification_value"=>"[FILTERED]", "first_name"=>""}}, "bill_address_attributes"=>{"address1"=>"paraiba", "city"=>"curitiba", "address2"=>"", "zipcode"=>"80630000", "country_id"=>"28", "id"=>"1069132716", "lastname"=>"Braschi", "firstname"=>"Alberto", "phone"=>"41 847841024", "state_id"=>"1061493600"}, "ship_address_attributes"=>{"address1"=>"paraiba", "city"=>"curitiba", "address2"=>"", "zipcode"=>"80630000", "country_id"=>"28", "id"=>"1069132717", "lastname"=>"Braschi", "firstname"=>"Alberto", "phone"=>"41 847841024", "state_id"=>"1061493600"}}, "controller"=>"orders", "final_answer"=>""}
  [4;35;1mTaxonomy Load (0.1ms)[0m   [0mSELECT * FROM `taxonomies`[0m
  [4;36;1mTaxon Load (0.1ms)[0m   [0;1mSELECT `taxons`.* FROM `taxons` WHERE (`taxons`.taxonomy_id IN (276849385,402847427) AND (parent_id is null))[0m
  [4;35;1mTaxon Load (0.1ms)[0m   [0mSELECT `taxons`.* FROM `taxons` WHERE (`taxons`.parent_id IN (1000,20000)) ORDER BY position[0m
  [4;36;1mSQL (0.4ms)[0m   [0;1mSHOW TABLES[0m
  [4;35;1mAppConfiguration Load (0.1ms)[0m   [0mSELECT * FROM `configurations` WHERE (`configurations`.`name` = 'Default configuration') AND ( (`configurations`.`type` = 'AppConfiguration' ) ) LIMIT 1[0m
Cache hit: Spree::Config ({})
  [4;36;1mSQL (0.4ms)[0m   [0;1mSHOW TABLES[0m
  [4;35;1mCACHE (0.0ms)[0m   [0mSELECT * FROM `configurations` WHERE (`configurations`.`name` = 'Default configuration') AND ( (`configurations`.`type` = 'AppConfiguration' ) ) LIMIT 1[0m
Cache hit: Spree::Config ({})
  [4;36;1mUser Load (0.3ms)[0m   [0;1mSELECT * FROM `users` WHERE (`users`.`id` = '1') LIMIT 1[0m
  [4;35;1mSQL (0.1ms)[0m   [0mBEGIN[0m
  [4;36;1mRole Load (0.1ms)[0m   [0;1mSELECT * FROM `roles` WHERE (`roles`.`name` = 'user') LIMIT 1[0m
  [4;35;1mRole Load (0.1ms)[0m   [0mSELECT * FROM `roles` INNER JOIN `roles_users` ON `roles`.id = `roles_users`.role_id WHERE (`roles_users`.user_id = 1 )[0m
  [4;36;1mUser Update (0.3ms)[0m   [0;1mUPDATE `users` SET `updated_at` = '2009-09-22 22:31:38', `perishable_token` = 'yuTfYv-7dbEFmGjl0PDX', `last_request_at` = '2009-09-22 22:31:38' WHERE `id` = 1[0m
  [4;35;1mSQL (3.7ms)[0m   [0mCOMMIT[0m
  [4;36;1mSQL (0.4ms)[0m   [0;1mSHOW TABLES[0m
  [4;35;1mAppConfiguration Load (0.1ms)[0m   [0mSELECT * FROM `configurations` WHERE (`configurations`.`name` = 'Default configuration') AND ( (`configurations`.`type` = 'AppConfiguration' ) ) LIMIT 1[0m
Cache hit: Spree::Config ({})
  [4;36;1mOrder Load (0.1ms)[0m   [0;1mSELECT * FROM `orders` WHERE (`orders`.`number` = 'R185016664') LIMIT 1[0m
  [4;35;1mUser Load (0.4ms)[0m   [0mSELECT * FROM `users` WHERE (`users`.`id` = '1') LIMIT 1[0m
  [4;36;1mSQL (0.1ms)[0m   [0;1mBEGIN[0m
  [4;35;1mRole Load (0.1ms)[0m   [0mSELECT * FROM `roles` WHERE (`roles`.`name` = 'user') LIMIT 1[0m
  [4;36;1mRole Load (0.1ms)[0m   [0;1mSELECT * FROM `roles` INNER JOIN `roles_users` ON `roles`.id = `roles_users`.role_id WHERE (`roles_users`.user_id = 1 )[0m
  [4;35;1mUser Update (0.3ms)[0m   [0mUPDATE `users` SET `updated_at` = '2009-09-22 22:31:38', `perishable_token` = '1jJB2cCgNIK-EyvZUnjS', `last_request_at` = '2009-09-22 22:31:38' WHERE `id` = 1[0m
  [4;36;1mSQL (0.6ms)[0m   [0;1mCOMMIT[0m
  [4;35;1mOrder Load (0.1ms)[0m   [0mSELECT * FROM `orders` WHERE (`orders`.`number` = 'R185016664') LIMIT 1[0m
  [4;36;1mOrder Load (0.1ms)[0m   [0;1mSELECT * FROM `orders` WHERE (`orders`.`id` = 685019085) LIMIT 1[0m
  [4;35;1mCACHE (0.0ms)[0m   [0mSELECT * FROM `orders` WHERE (`orders`.`number` = 'R185016664') LIMIT 1[0m
  [4;36;1mSQL (0.4ms)[0m   [0;1mSHOW TABLES[0m
  [4;35;1mAppConfiguration Load (0.1ms)[0m   [0mSELECT * FROM `configurations` WHERE (`configurations`.`name` = 'Default configuration') AND ( (`configurations`.`type` = 'AppConfiguration' ) ) LIMIT 1[0m
Cache hit: Spree::Config ({})
  [4;36;1mCountry Load (0.1ms)[0m   [0;1mSELECT * FROM `countries` WHERE (`countries`.`id` = 28)[0m
  [4;35;1mCountry Load (0.2ms)[0m   [0mSELECT * FROM `countries`[0m
  [4;36;1mShippingMethod Load (0.1ms)[0m   [0;1mSELECT * FROM `shipping_methods`[0m
  [4;35;1mZone Load (0.1ms)[0m   [0mSELECT * FROM `zones` WHERE (`zones`.`id` = 319924150)[0m
  [4;36;1mZoneMember Load (0.1ms)[0m   [0;1mSELECT * FROM `zone_members` WHERE (`zone_members`.zone_id = 319924150) ORDER BY zone_members.id DESC LIMIT 1[0m
  [4;35;1mCACHE (0.0ms)[0m   [0mSELECT * FROM `zone_members` WHERE (`zone_members`.zone_id = 319924150) ORDER BY zone_members.id DESC LIMIT 1[0m
  [4;36;1mZoneMember Load (0.1ms)[0m   [0;1mSELECT * FROM `zone_members` WHERE (`zone_members`.zone_id = 319924150)[0m
  [4;35;1mCACHE (0.0ms)[0m   [0mSELECT * FROM `countries` WHERE (`countries`.`id` = 28)[0m
  [4;36;1mCACHE (0.0ms)[0m   [0;1mSELECT * FROM `zones` WHERE (`zones`.`id` = 319924150)[0m
  [4;35;1mCACHE (0.0ms)[0m   [0mSELECT * FROM `zone_members` WHERE (`zone_members`.zone_id = 319924150) ORDER BY zone_members.id DESC LIMIT 1[0m
  [4;36;1mCACHE (0.0ms)[0m   [0;1mSELECT * FROM `zone_members` WHERE (`zone_members`.zone_id = 319924150) ORDER BY zone_members.id DESC LIMIT 1[0m
  [4;35;1mCACHE (0.0ms)[0m   [0mSELECT * FROM `zone_members` WHERE (`zone_members`.zone_id = 319924150)[0m
  [4;36;1mCACHE (0.0ms)[0m   [0;1mSELECT * FROM `countries` WHERE (`countries`.`id` = 28)[0m
  [4;35;1mState Load (0.1ms)[0m   [0mSELECT * FROM `states` WHERE (`states`.country_id = 28)[0m
  [4;36;1mAddress Load (0.1ms)[0m   [0;1mSELECT * FROM `addresses` WHERE (`addresses`.`id` = 1069132716)[0m
  [4;35;1mAddress Load (0.1ms)[0m   [0mSELECT * FROM `addresses` WHERE (`addresses`.`id` = 1069132717)[0m
  [4;36;1mSQL (0.3ms)[0m   [0;1mBEGIN[0m
  [4;35;1mCACHE (0.0ms)[0m   [0mSELECT * FROM `countries` WHERE (`countries`.`id` = 28)[0m
  [4;36;1mCACHE (0.0ms)[0m   [0;1mSELECT * FROM `states` WHERE (`states`.country_id = 28)[0m
  [4;35;1mState Load (0.1ms)[0m   [0mSELECT * FROM `states` WHERE (`states`.`id` = 1061493600)[0m
  [4;36;1mCACHE (0.0ms)[0m   [0;1mSELECT * FROM `countries` WHERE (`countries`.`id` = 28)[0m
  [4;35;1mCACHE (0.0ms)[0m   [0mSELECT * FROM `states` WHERE (`states`.country_id = 28)[0m
  [4;36;1mCACHE (0.0ms)[0m   [0;1mSELECT * FROM `states` WHERE (`states`.`id` = 1061493600)[0m
  [4;35;1mLineItem Load (0.2ms)[0m   [0mSELECT * FROM `line_items` WHERE (`line_items`.order_id = 685019084)[0m
  [4;36;1mVariant Load (0.1ms)[0m   [0;1mSELECT * FROM `variants` WHERE (`variants`.`id` = 154744438)[0m
  [4;35;1mSQL (0.2ms)[0m   [0mSELECT count(*) AS count_all FROM `inventory_units` WHERE (((`inventory_units`.`state` IN ('on_hand')) AND (`inventory_units`.variant_id = 154744438)) AND (`inventory_units`.variant_id = 154744438))[0m
  [4;36;1mSQL (0.1ms)[0m   [0;1mSELECT count(*) AS count_all FROM `orders` WHERE (orders.number = 'R185016664' and orders.id != 685019084)[0m
  [4;35;1mCACHE (0.0ms)[0m   [0mSELECT count(*) AS count_all FROM `inventory_units` WHERE (((`inventory_units`.`state` IN ('on_hand')) AND (`inventory_units`.variant_id = 154744438)) AND (`inventory_units`.variant_id = 154744438))[0m
  [4;36;1mSQL (0.1ms)[0m   [0;1mCOMMIT[0m
  [4;35;1mSQL (0.1ms)[0m   [0mSELECT count(*) AS count_all FROM `creditcards` WHERE (`creditcards`.order_id = 685019084)[0m
  [4;36;1mCACHE (0.0ms)[0m   [0;1mSELECT * FROM `shipping_methods`[0m
  [4;35;1mCACHE (0.0ms)[0m   [0mSELECT * FROM `zones` WHERE (`zones`.`id` = 319924150)[0m
  [4;36;1mCACHE (0.0ms)[0m   [0;1mSELECT * FROM `zone_members` WHERE (`zone_members`.zone_id = 319924150) ORDER BY zone_members.id DESC LIMIT 1[0m
  [4;35;1mCACHE (0.0ms)[0m   [0mSELECT * FROM `zone_members` WHERE (`zone_members`.zone_id = 319924150)[0m
  [4;36;1mCACHE (0.0ms)[0m   [0;1mSELECT * FROM `countries` WHERE (`countries`.`id` = 28)[0m
  [4;35;1mCACHE (0.0ms)[0m   [0mSELECT * FROM `zones` WHERE (`zones`.`id` = 319924150)[0m
  [4;36;1mCACHE (0.0ms)[0m   [0;1mSELECT * FROM `zone_members` WHERE (`zone_members`.zone_id = 319924150) ORDER BY zone_members.id DESC LIMIT 1[0m
  [4;35;1mCACHE (0.0ms)[0m   [0mSELECT * FROM `zone_members` WHERE (`zone_members`.zone_id = 319924150)[0m
  [4;36;1mCACHE (0.0ms)[0m   [0;1mSELECT * FROM `countries` WHERE (`countries`.`id` = 28)[0m
  [4;35;1mSQL (0.1ms)[0m   [0mSELECT count(*) AS count_all FROM `shipments` WHERE (`shipments`.order_id = 685019084)[0m
  [4;36;1mSQL (0.1ms)[0m   [0;1mBEGIN[0m
  [4;35;1mSQL (0.1ms)[0m   [0mCOMMIT[0m
  [4;36;1mOrder Load (0.6ms)[0m   [0;1mSELECT * FROM `orders` WHERE (`orders`.`id` = 685019084)[0m
Cache miss: #<Order:0xb610f480> ({})
  [4;35;1mSQL (0.6ms)[0m   [0mSHOW TABLES[0m
  [4;36;1mCorreiosBoundedStoreConfiguration Columns (1.0ms)[0m   [0;1mSHOW FIELDS FROM `configurations`[0m
  [4;35;1mCorreiosBoundedStoreConfiguration Load (0.1ms)[0m   [0mSELECT * FROM `configurations` WHERE (`configurations`.`name` = 'Default Correios Bounded Store configuration') AND ( (`configurations`.`type` = 'CorreiosBoundedStoreConfiguration' ) ) LIMIT 1[0m
Cache miss: Spree::CorreiosBoundedStore::Config ({})
  [4;36;1mPreference Load (0.1ms)[0m   [0;1mSELECT * FROM `preferences` WHERE (`preferences`.owner_id = 3 AND `preferences`.owner_type = 'Configuration')[0m
Cache write (will save 2.55ms): Spree::CorreiosBoundedStore::Config
  [4;35;1mCACHE (0.0ms)[0m   [0mSELECT * FROM `line_items` WHERE (`line_items`.order_id = 685019084)[0m
  [4;36;1mCACHE (0.0ms)[0m   [0;1mSELECT * FROM `variants` WHERE (`variants`.`id` = 154744438)[0m
  [4;35;1mSQL (0.8ms)[0m   [0mSHOW TABLES[0m
  [4;36;1mCACHE (0.0ms)[0m   [0;1mSELECT * FROM `configurations` WHERE (`configurations`.`name` = 'Default Correios Bounded Store configuration') AND ( (`configurations`.`type` = 'CorreiosBoundedStoreConfiguration' ) ) LIMIT 1[0m
Cache hit: Spree::CorreiosBoundedStore::Config ({})
  [4;35;1mSQL (0.4ms)[0m   [0mSHOW TABLES[0m
  [4;36;1mCACHE (0.0ms)[0m   [0;1mSELECT * FROM `configurations` WHERE (`configurations`.`name` = 'Default Correios Bounded Store configuration') AND ( (`configurations`.`type` = 'CorreiosBoundedStoreConfiguration' ) ) LIMIT 1[0m
Cache hit: Spree::CorreiosBoundedStore::Config ({})
  [4;35;1mSQL (0.4ms)[0m   [0mSHOW TABLES[0m
  [4;36;1mCACHE (0.0ms)[0m   [0;1mSELECT * FROM `configurations` WHERE (`configurations`.`name` = 'Default Correios Bounded Store configuration') AND ( (`configurations`.`type` = 'CorreiosBoundedStoreConfiguration' ) ) LIMIT 1[0m
Cache hit: Spree::CorreiosBoundedStore::Config ({})

SOAP::Mapping::MappingError (nil not allowed: nCdEmpresa):
  /usr/lib/ruby/1.8/soap/mapping/wsdlliteralregistry.rb:133:in `complexobj2soap'
  /usr/lib/ruby/1.8/wsdl/xmlSchema/complexType.rb:56:in `each_element'
  /usr/lib/ruby/1.8/wsdl/xmlSchema/complexType.rb:52:in `each'
  /usr/lib/ruby/1.8/wsdl/xmlSchema/complexType.rb:52:in `each_element'
  /usr/lib/ruby/1.8/soap/mapping/wsdlliteralregistry.rb:122:in `complexobj2soap'
  /usr/lib/ruby/1.8/soap/mapping/wsdlliteralregistry.rb:108:in `obj2typesoap'
  /usr/lib/ruby/1.8/soap/mapping/wsdlliteralregistry.rb:93:in `obj2elesoap'
  /usr/lib/ruby/1.8/soap/mapping/wsdlliteralregistry.rb:39:in `obj2soap'
  /usr/lib/ruby/1.8/soap/mapping/mapping.rb:131:in `_obj2soap'
  /usr/lib/ruby/1.8/soap/mapping/mapping.rb:48:in `obj2soap'
  /usr/lib/ruby/1.8/soap/mapping/mapping.rb:371:in `protect_threadvars'
  /usr/lib/ruby/1.8/soap/mapping/mapping.rb:43:in `obj2soap'
  /usr/lib/ruby/1.8/soap/rpc/proxy.rb:422:in `request_doc_lit'
  /usr/lib/ruby/1.8/soap/rpc/driver.rb:229:in `collect'
  /usr/lib/ruby/1.8/soap/rpc/proxy.rb:421:in `each'
  /usr/lib/ruby/1.8/soap/rpc/proxy.rb:421:in `collect'
  /usr/lib/ruby/1.8/soap/rpc/proxy.rb:421:in `request_doc_lit'
  /usr/lib/ruby/1.8/soap/rpc/proxy.rb:386:in `request_doc'
  /usr/lib/ruby/1.8/soap/rpc/proxy.rb:340:in `request_body'
  /usr/lib/ruby/1.8/soap/rpc/proxy.rb:123:in `call'
  /usr/lib/ruby/1.8/soap/rpc/driver.rb:178:in `call'
  (eval):6:in `consultarFrete'
  vendor/extensions/correios_bounded_store/lib/correios_bounded_store_calculator.rb:62:in `retrieve_rates'
  vendor/extensions/correios_bounded_store/lib/correios_bounded_store_calculator.rb:13:in `calculate_shipping'
  vendor/extensions/correios_bounded_store/lib/correios_bounded_store_calculator.rb:11:in `calculate_shipping'
  spree (0.8.1) app/models/order.rb:175:in `update_totals'
  spree (0.8.1) lib/spree/checkout.rb:29:in `checkout'
  /usr/lib/ruby/gems/1.8/gems/haml-edge-2.3.23/lib/sass/plugin/rails.rb:19:in `process'

Rendered rescues/_trace (60.0ms)
Rendered rescues/_request_and_response (2.1ms)
Rendering rescues/layout (internal_server_error)
